2026-03-08 22:11:03.729 WARNING streamlit.runtime.scriptrunner_utils.script_run_context: Thread 'MainThread': missing ScriptRunContext! This warning can be ignored when running in bare mode.
Iniciando importação de aulas em lote a partir de: B:\Dev\SysAva\data\Turmas
  ⚠️  Ignorando pasta 'EMTPDES-SIS-2ª SERIE - INTEGRAL-I-B\MENTORIAS TEC II': Estrutura muito rasa (esperado: Turma/Disciplina/Semana).

 Encontrado: Turma 'EMTPDES-SIS-2ª SERIE - INTEGRAL-I-B' -> Disciplina 'MENTORIAS TEC II' -> Semana 'S01'
    ⏭️  Aula 'Aula 01' já consta no logs.txt. Pulando.
    ⏭️  Aula 'Aula 02' já consta no logs.txt. Pulando.
    ⏭️  Aula 'Aula 03' já consta no logs.txt. Pulando.
    ⏭️  Aula 'Aula 04' já consta no logs.txt. Pulando.
    ⏭️  Aula 'Aula 05' já consta no logs.txt. Pulando.
    ⏭️  Aula 'Aula 06' já consta no logs.txt. Pulando.
    ⏭️  Aula 'Aula 07' já consta no logs.txt. Pulando.
    ⏭️  Aula 'Aula 08' já consta no logs.txt. Pulando.

 Encontrado: Turma 'EMTPDES-SIS-2ª SERIE - INTEGRAL-I-B' -> Disciplina 'MENTORIAS TEC II' -> Semana 'S02'
    ⏭️  Aula 'Aula 09' já consta no logs.txt. Pulando.
    ⏭️  Aula 'Aula 10' já consta no logs.txt. Pulando.
    ⏭️  Aula 'Aula 11' já consta no logs.txt. Pulando.
    ⏭️  Aula 'Aula 12' já consta no logs.txt. Pulando.
    ⏭️  Aula 'Aula 13' já consta no logs.txt. Pulando.
    ⏭️  Aula 'Aula 14' já consta no logs.txt. Pulando.
    ⏭️  Aula 'Aula 15' já consta no logs.txt. Pulando.
    ⏭️  Aula 'Aula 16' já consta no logs.txt. Pulando.

 Encontrado: Turma 'EMTPDES-SIS-2ª SERIE - INTEGRAL-I-B' -> Disciplina 'MENTORIAS TEC II' -> Semana 'S03'
    ⏭️  Aula 'Aula 17' já consta no logs.txt. Pulando.
    ⏭️  Aula 'Aula 18' já consta no logs.txt. Pulando.
    ⏭️  Aula 'Aula 19' já consta no logs.txt. Pulando.
    ⏭️  Aula 'Aula 20' já consta no logs.txt. Pulando.
    ⏭️  Aula 'Aula 21' já consta no logs.txt. Pulando.
    ⏭️  Aula 'Aula 22' já consta no logs.txt. Pulando.
    ⏭️  Aula 'Aula 23' já consta no logs.txt. Pulando.
    ✅ Aula '🎨 Aula 24: Manipulação Dinâmica de Dados Externos na UI' importada/atualizada.
      -> 💬 Post de fórum criado.
      -> 📝 Quiz '📝 Quiz de Fixação: Aula 24 - MENTORIAS TEC II' criado.
      -> Processando conteúdo do quiz...
        ✅ Questão 1 identificada (aguardando gabarito/salvamento)...
        ✅ Questão 2 identificada (aguardando gabarito/salvamento)...
        ✅ Questão 3 identificada (aguardando gabarito/salvamento)...
      -> 🔑 Seção de Gabarito encontrada.
        ✅ Questão 4 identificada (aguardando gabarito/salvamento)...
      -> Salvando 4 questões no banco...
        ✅ Questão 1 salva com sucesso.
        ✅ Questão 2 salva com sucesso.
        ✅ Questão 3 salva com sucesso.
        ✅ Questão 4 salva com sucesso.

 Encontrado: Turma 'EMTPDES-SIS-2ª SERIE - INTEGRAL-I-B' -> Disciplina 'MENTORIAS TEC II' -> Semana 'S04'
    ✅ Aula '🎨 Aula 25: Revisão de Objetos, Arrays e APIs' importada/atualizada.
      -> 💬 Post de fórum criado.
      -> 📝 Quiz '📝 Quiz de Fixação: Aula 25 - MENTORIAS TEC II' criado.
      -> Processando conteúdo do quiz...
        ✅ Questão 1 identificada (aguardando gabarito/salvamento)...
        ✅ Questão 2 identificada (aguardando gabarito/salvamento)...
        ✅ Questão 3 identificada (aguardando gabarito/salvamento)...
      -> 🔑 Seção de Gabarito encontrada.
        ✅ Questão 4 identificada (aguardando gabarito/salvamento)...
      -> Salvando 4 questões no banco...
        ✅ Questão 1 salva com sucesso.
        ✅ Questão 2 salva com sucesso.
        ✅ Questão 3 salva com sucesso.
        ✅ Questão 4 salva com sucesso.
    ✅ Aula '🎨 Aula 26: Prova Objetiva 2 - Dados e Assincronismo' importada/atualizada.
      -> 💬 Post de fórum criado.
      -> 📝 Quiz '📝 Quiz de Fixação: Aula 26 - MENTORIAS TEC II' criado.
      -> Processando conteúdo do quiz...
        ✅ Questão 1 identificada (aguardando gabarito/salvamento)...
        ✅ Questão 2 identificada (aguardando gabarito/salvamento)...
        ✅ Questão 3 identificada (aguardando gabarito/salvamento)...
      -> 🔑 Seção de Gabarito encontrada.
        ✅ Questão 4 identificada (aguardando gabarito/salvamento)...
      -> Salvando 4 questões no banco...
        ✅ Questão 1 salva com sucesso.
        ✅ Questão 2 salva com sucesso.
        ✅ Questão 3 salva com sucesso.
        ✅ Questão 4 salva com sucesso.
    ✅ Aula '🎨 Aula 27: Validação de Dados de Entrada e Feedback ao Usuário' importada/atualizada.
      -> 💬 Post de fórum criado.
      -> 📝 Quiz '📝 Quiz de Fixação: Aula 27 - MENTORIAS TEC II' criado.
      -> Processando conteúdo do quiz...
        ✅ Questão 1 identificada (aguardando gabarito/salvamento)...
        ✅ Questão 2 identificada (aguardando gabarito/salvamento)...
        ✅ Questão 3 identificada (aguardando gabarito/salvamento)...
      -> 🔑 Seção de Gabarito encontrada.
        ✅ Questão 4 identificada (aguardando gabarito/salvamento)...
      -> Salvando 4 questões no banco...
        ✅ Questão 1 salva com sucesso.
        ✅ Questão 2 salva com sucesso.
        ✅ Questão 3 salva com sucesso.
        ✅ Questão 4 salva com sucesso.
    ✅ Aula '🎨 Aula 28: Eventos de Formulário e Prevenção de Comportamento Padrão' importada/atualizada.
      -> 💬 Post de fórum criado.
      -> 📝 Quiz '📝 Quiz de Fixação: Aula 28 - MENTORIAS TEC II' criado.
      -> Processando conteúdo do quiz...
        ✅ Questão 1 identificada (aguardando gabarito/salvamento)...
        ✅ Questão 2 identificada (aguardando gabarito/salvamento)...
        ✅ Questão 3 identificada (aguardando gabarito/salvamento)...
      -> 🔑 Seção de Gabarito encontrada.
        ✅ Questão 4 identificada (aguardando gabarito/salvamento)...
      -> Salvando 4 questões no banco...
        ✅ Questão 1 salva com sucesso.
        ✅ Questão 2 salva com sucesso.
        ✅ Questão 3 salva com sucesso.
        ✅ Questão 4 salva com sucesso.
    ✅ Aula '🎨 Aula 29: Persistência de Dados Local com localStorage' importada/atualizada.
      -> 💬 Post de fórum criado.
      -> 📝 Quiz '📝 Quiz de Fixação: Aula 29 - MENTORIAS TEC II' criado.
      -> Processando conteúdo do quiz...
        ✅ Questão 1 identificada (aguardando gabarito/salvamento)...
        ✅ Questão 2 identificada (aguardando gabarito/salvamento)...
        ✅ Questão 3 identificada (aguardando gabarito/salvamento)...
      -> 🔑 Seção de Gabarito encontrada.
        ✅ Questão 4 identificada (aguardando gabarito/salvamento)...
      -> Salvando 4 questões no banco...
        ✅ Questão 1 salva com sucesso.
        ✅ Questão 2 salva com sucesso.
        ✅ Questão 3 salva com sucesso.
        ✅ Questão 4 salva com sucesso.
    ✅ Aula '🎨 Aula 30: Gerenciamento de Estados da Interface' importada/atualizada.
      -> 💬 Post de fórum criado.
      -> 📝 Quiz '📝 Quiz de Fixação: Aula 30 - MENTORIAS TEC II' criado.
      -> Processando conteúdo do quiz...
        ✅ Questão 1 identificada (aguardando gabarito/salvamento)...
        ✅ Questão 2 identificada (aguardando gabarito/salvamento)...
        ✅ Questão 3 identificada (aguardando gabarito/salvamento)...
      -> 🔑 Seção de Gabarito encontrada.
        ✅ Questão 4 identificada (aguardando gabarito/salvamento)...
      -> Salvando 4 questões no banco...
        ✅ Questão 1 salva com sucesso.
        ✅ Questão 2 salva com sucesso.
        ✅ Questão 3 salva com sucesso.
        ✅ Questão 4 salva com sucesso.
    ✅ Aula '🎨 Aula 31: Entrega de Projeto 1 - Dashboard Pessoal com Dados Salvos' importada/atualizada.
      -> 💬 Post de fórum criado.
      -> 📝 Quiz '📝 Quiz de Fixação: Aula 31 - MENTORIAS TEC II' criado.
      -> Processando conteúdo do quiz...
        ✅ Questão 1 identificada (aguardando gabarito/salvamento)...
        ✅ Questão 2 identificada (aguardando gabarito/salvamento)...
        ✅ Questão 3 identificada (aguardando gabarito/salvamento)...
      -> 🔑 Seção de Gabarito encontrada.
        ⏳ Questão 4 identificada (aguardando gabarito/salvamento)...
      -> Salvando 4 questões no banco...
        ✅ Questão 1 salva com sucesso.
        ✅ Questão 2 salva com sucesso.
        ✅ Questão 3 salva com sucesso.
        ⚠️  Questão 4 ignorada (sem resposta correta identificada).
            (Dica: Use '[x]', adicione 'Resposta: X' ou uma seção '**✅ Gabarito:**')
    ✅ Aula '🎨 Aula 32: Planejamento do Projeto Integrador: Arquitetura e Escopo' importada/atualizada.
      -> 💬 Post de fórum criado.
      -> 📝 Quiz '📝 Quiz de Fixação: Aula 32 - MENTORIAS TEC II' criado.
      -> Processando conteúdo do quiz...
        ✅ Questão 1 identificada (aguardando gabarito/salvamento)...
        ✅ Questão 2 identificada (aguardando gabarito/salvamento)...
        ✅ Questão 3 identificada (aguardando gabarito/salvamento)...
      -> 🔑 Seção de Gabarito encontrada.
        ✅ Questão 4 identificada (aguardando gabarito/salvamento)...
      -> Salvando 4 questões no banco...
        ✅ Questão 1 salva com sucesso.
        ✅ Questão 2 salva com sucesso.
        ✅ Questão 3 salva com sucesso.
        ✅ Questão 4 salva com sucesso.

 Encontrado: Turma 'EMTPDES-SIS-2ª SERIE - INTEGRAL-I-B' -> Disciplina 'MENTORIAS TEC II' -> Semana 'S05'
    ✅ Aula '🎨 Aula 33: Desenvolvimento do Projeto Final: Estrutura HTML/JS' importada/atualizada.
      -> 💬 Post de fórum criado.
      -> 📝 Quiz '📝 Quiz de Fixação: Aula 33 - MENTORIAS TEC II' criado.
      -> Processando conteúdo do quiz...
        ✅ Questão 1 identificada (aguardando gabarito/salvamento)...
        ✅ Questão 2 identificada (aguardando gabarito/salvamento)...
        ✅ Questão 3 identificada (aguardando gabarito/salvamento)...
      -> 🔑 Seção de Gabarito encontrada.
        ✅ Questão 4 identificada (aguardando gabarito/salvamento)...
      -> Salvando 4 questões no banco...
        ✅ Questão 1 salva com sucesso.
        ✅ Questão 2 salva com sucesso.
        ✅ Questão 3 salva com sucesso.
        ✅ Questão 4 salva com sucesso.
    ✅ Aula '🎨 Aula 34: Integração de Lógica, Interface e Dados' importada/atualizada.
      -> 💬 Post de fórum criado.
      -> 📝 Quiz '📝 Quiz de Fixação: Aula 34 - MENTORIAS TEC II' criado.
      -> Processando conteúdo do quiz...
        ✅ Questão 1 identificada (aguardando gabarito/salvamento)...
        ✅ Questão 2 identificada (aguardando gabarito/salvamento)...
        ✅ Questão 3 identificada (aguardando gabarito/salvamento)...
      -> 🔑 Seção de Gabarito encontrada.
        ✅ Questão 4 identificada (aguardando gabarito/salvamento)...
      -> Salvando 4 questões no banco...
        ✅ Questão 1 salva com sucesso.
        ✅ Questão 2 salva com sucesso.
        ✅ Questão 3 salva com sucesso.
        ✅ Questão 4 salva com sucesso.
    ✅ Aula '🎨 Aula 35: Refinamento de Código e Resolução de Problemas Técnicos' importada/atualizada.
      -> 💬 Post de fórum criado.
      -> 📝 Quiz '📝 Quiz de Fixação: Aula 35 - MENTORIAS TEC II' criado.
      -> Processando conteúdo do quiz...
        ✅ Questão 1 identificada (aguardando gabarito/salvamento)...
        ✅ Questão 2 identificada (aguardando gabarito/salvamento)...
        ✅ Questão 3 identificada (aguardando gabarito/salvamento)...
      -> 🔑 Seção de Gabarito encontrada.
        ✅ Questão 4 identificada (aguardando gabarito/salvamento)...
      -> Salvando 4 questões no banco...
        ✅ Questão 1 salva com sucesso.
        ✅ Questão 2 salva com sucesso.
        ✅ Questão 3 salva com sucesso.
        ✅ Questão 4 salva com sucesso.
    ✅ Aula '🎨 Aula 36: Autonomia e Postura Profissional no Desenvolvimento' importada/atualizada.
      -> 💬 Post de fórum criado.
      -> 📝 Quiz '📝 Quiz de Fixação: Aula 36 - MENTORIAS TEC II' criado.
      -> Processando conteúdo do quiz...
        ✅ Questão 1 identificada (aguardando gabarito/salvamento)...
        ✅ Questão 2 identificada (aguardando gabarito/salvamento)...
        ✅ Questão 3 identificada (aguardando gabarito/salvamento)...
      -> 🔑 Seção de Gabarito encontrada.
        ✅ Questão 4 identificada (aguardando gabarito/salvamento)...
      -> Salvando 4 questões no banco...
        ✅ Questão 1 salva com sucesso.
        ✅ Questão 2 salva com sucesso.
        ✅ Questão 3 salva com sucesso.
        ✅ Questão 4 salva com sucesso.
    ✅ Aula '🎨 Aula 37: Entrega de Projeto 2 (Final) - Aplicação Funcional e Interativa' importada/atualizada.
      -> 💬 Post de fórum criado.
      -> 📝 Quiz '📝 Quiz de Fixação: Aula 37 - MENTORIAS TEC II' criado.
      -> Processando conteúdo do quiz...
        ✅ Questão 1 identificada (aguardando gabarito/salvamento)...
        ✅ Questão 2 identificada (aguardando gabarito/salvamento)...
        ✅ Questão 3 identificada (aguardando gabarito/salvamento)...
      -> 🔑 Seção de Gabarito encontrada.
        ✅ Questão 4 identificada (aguardando gabarito/salvamento)...
      -> Salvando 4 questões no banco...
        ✅ Questão 1 salva com sucesso.
        ✅ Questão 2 salva com sucesso.
        ✅ Questão 3 salva com sucesso.
        ✅ Questão 4 salva com sucesso.
    ✅ Aula '🎨 Aula 38: Apresentação dos Projetos e Demonstração de Soluções' importada/atualizada.
      -> 💬 Post de fórum criado.
      -> 📝 Quiz '📝 Quiz de Fixação: Aula 38 - MENTORIAS TEC II' criado.
      -> Processando conteúdo do quiz...
        ✅ Questão 1 identificada (aguardando gabarito/salvamento)...
        ✅ Questão 2 identificada (aguardando gabarito/salvamento)...
        ✅ Questão 3 identificada (aguardando gabarito/salvamento)...
      -> 🔑 Seção de Gabarito encontrada.
        ⏳ Questão 4 identificada (aguardando gabarito/salvamento)...
      -> Salvando 4 questões no banco...
        ✅ Questão 1 salva com sucesso.
        ✅ Questão 2 salva com sucesso.
        ✅ Questão 3 salva com sucesso.
        ⚠️  Questão 4 ignorada (sem resposta correta identificada).
            (Dica: Use '[x]', adicione 'Resposta: X' ou uma seção '**✅ Gabarito:**')
    ✅ Aula '🎨 Aula 39: Revisão Geral dos Conceitos do Ano' importada/atualizada.
      -> 💬 Post de fórum criado.
      -> 📝 Quiz '📝 Quiz de Fixação: Aula 39 - MENTORIAS TEC II' criado.
      -> Processando conteúdo do quiz...
        ⏳ Questão 1 identificada (aguardando gabarito/salvamento)...
        ✅ Questão 2 identificada (aguardando gabarito/salvamento)...
        ✅ Questão 3 identificada (aguardando gabarito/salvamento)...
      -> 🔑 Seção de Gabarito encontrada.
        ✅ Questão 4 identificada (aguardando gabarito/salvamento)...
      -> Salvando 4 questões no banco...
        ⚠️  Questão 1 ignorada (sem resposta correta identificada).
            (Dica: Use '[x]', adicione 'Resposta: X' ou uma seção '**✅ Gabarito:**')
        ✅ Questão 2 salva com sucesso.
        ✅ Questão 3 salva com sucesso.
        ✅ Questão 4 salva com sucesso.
    ✅ Aula '🎨 Aula 40: Prova Objetiva 3 - Persistência, Validação e Integração Final' importada/atualizada.
      -> 💬 Post de fórum criado.
      -> 📝 Quiz '📝 Quiz de Fixação: Aula 40 - MENTORIAS TEC II' criado.
      -> Processando conteúdo do quiz...
        ✅ Questão 1 identificada (aguardando gabarito/salvamento)...
        ✅ Questão 2 identificada (aguardando gabarito/salvamento)...
        ✅ Questão 3 identificada (aguardando gabarito/salvamento)...
      -> 🔑 Seção de Gabarito encontrada.
        ✅ Questão 4 identificada (aguardando gabarito/salvamento)...
      -> Salvando 4 questões no banco...
        ✅ Questão 1 salva com sucesso.
        ✅ Questão 2 salva com sucesso.
        ✅ Questão 3 salva com sucesso.
        ✅ Questão 4 salva com sucesso.
  ⚠️  Ignorando pasta 'EMTPDES-SIS-2ª SERIE - INTEGRAL-I-B\PENSAMENTO COMPUTACIONAL II': Estrutura muito rasa (esperado: Turma/Disciplina/Semana).

 Encontrado: Turma 'EMTPDES-SIS-2ª SERIE - INTEGRAL-I-B' -> Disciplina 'PENSAMENTO COMPUTACIONAL II' -> Semana 'S01'
    ✅ Aula '🎨 Aula 1: O Pensamento Computacional e a Resolução de Problemas' importada/atualizada.
      -> 💬 Post de fórum criado.
      -> 📝 Quiz '📝 Quiz de Fixação: Aula 1 - PENSAMENTO COMPUTACIONAL II' criado.
      -> Processando conteúdo do quiz...
        ✅ Questão 1 identificada (aguardando gabarito/salvamento)...
        ✅ Questão 2 identificada (aguardando gabarito/salvamento)...
        ✅ Questão 3 identificada (aguardando gabarito/salvamento)...
      -> 🔑 Seção de Gabarito encontrada.
        ✅ Questão 4 identificada (aguardando gabarito/salvamento)...
      -> Salvando 4 questões no banco...
        ✅ Questão 1 salva com sucesso.
        ✅ Questão 2 salva com sucesso.
        ✅ Questão 3 salva com sucesso.
        ✅ Questão 4 salva com sucesso.
    ✅ Aula '🎨 Aula 2: Sintaxe Python: Variáveis e Tipagem' importada/atualizada.
      -> 💬 Post de fórum criado.
      -> 📝 Quiz '📝 Quiz de Fixação: Aula 2 - PENSAMENTO COMPUTACIONAL II' criado.
      -> Processando conteúdo do quiz...
        ✅ Questão 1 identificada (aguardando gabarito/salvamento)...
        ✅ Questão 2 identificada (aguardando gabarito/salvamento)...
        ✅ Questão 3 identificada (aguardando gabarito/salvamento)...
      -> 🔑 Seção de Gabarito encontrada.
        ✅ Questão 4 identificada (aguardando gabarito/salvamento)...
      -> Salvando 4 questões no banco...
        ✅ Questão 1 salva com sucesso.
        ✅ Questão 2 salva com sucesso.
        ✅ Questão 3 salva com sucesso.
        ✅ Questão 4 salva com sucesso.
    ✅ Aula '🎨 Aula 3: Operadores Matemáticos e Expressões Lógicas' importada/atualizada.
      -> 💬 Post de fórum criado.
      -> 📝 Quiz '📝 Quiz de Fixação: Aula 3 - PENSAMENTO COMPUTACIONAL II' criado.
      -> Processando conteúdo do quiz...
        ✅ Questão 1 identificada (aguardando gabarito/salvamento)...
        ✅ Questão 2 identificada (aguardando gabarito/salvamento)...
        ✅ Questão 3 identificada (aguardando gabarito/salvamento)...
      -> 🔑 Seção de Gabarito encontrada.
        ✅ Questão 4 identificada (aguardando gabarito/salvamento)...
      -> Salvando 4 questões no banco...
        ✅ Questão 1 salva com sucesso.
        ✅ Questão 2 salva com sucesso.
        ✅ Questão 3 salva com sucesso.
        ✅ Questão 4 salva com sucesso.
    ✅ Aula '🎨 Aula 4: Entrega de Projeto 1 - Automação de Cálculos' importada/atualizada.
      -> 💬 Post de fórum criado.
      -> 📝 Quiz '📝 Quiz de Fixação: Aula 4 - PENSAMENTO COMPUTACIONAL II' criado.
      -> Processando conteúdo do quiz...
        ✅ Questão 1 identificada (aguardando gabarito/salvamento)...
        ✅ Questão 2 identificada (aguardando gabarito/salvamento)...
        ✅ Questão 3 identificada (aguardando gabarito/salvamento)...
      -> 🔑 Seção de Gabarito encontrada.
        ✅ Questão 4 identificada (aguardando gabarito/salvamento)...
      -> Salvando 4 questões no banco...
        ✅ Questão 1 salva com sucesso.
        ✅ Questão 2 salva com sucesso.
        ✅ Questão 3 salva com sucesso.
        ✅ Questão 4 salva com sucesso.
    ✅ Aula '🎨 Aula 5: Estruturas de Decisão: Condicionais Simples e Compostas' importada/atualizada.
      -> 💬 Post de fórum criado.
      -> 📝 Quiz '📝 Quiz de Fixação: Aula 5 - PENSAMENTO COMPUTACIONAL II' criado.
      -> Processando conteúdo do quiz...
        ✅ Questão 1 identificada (aguardando gabarito/salvamento)...
        ✅ Questão 2 identificada (aguardando gabarito/salvamento)...
        ✅ Questão 3 identificada (aguardando gabarito/salvamento)...
      -> 🔑 Seção de Gabarito encontrada.
        ✅ Questão 4 identificada (aguardando gabarito/salvamento)...
      -> Salvando 4 questões no banco...
        ✅ Questão 1 salva com sucesso.
        ✅ Questão 2 salva com sucesso.
        ✅ Questão 3 salva com sucesso.
        ✅ Questão 4 salva com sucesso.
    ✅ Aula '🎨 Aula 6: Estruturas de Repetição: O poder do for e while' importada/atualizada.
      -> 💬 Post de fórum criado.
      -> 📝 Quiz '📝 Quiz de Fixação: Aula 6 - PENSAMENTO COMPUTACIONAL II' criado.
      -> Processando conteúdo do quiz...
        ✅ Questão 1 identificada (aguardando gabarito/salvamento)...
        ✅ Questão 2 identificada (aguardando gabarito/salvamento)...
        ✅ Questão 3 identificada (aguardando gabarito/salvamento)...
      -> 🔑 Seção de Gabarito encontrada.
        ✅ Questão 4 identificada (aguardando gabarito/salvamento)...
      -> Salvando 4 questões no banco...
        ✅ Questão 1 salva com sucesso.
        ✅ Questão 2 salva com sucesso.
        ✅ Questão 3 salva com sucesso.
        ✅ Questão 4 salva com sucesso.
    ✅ Aula '🎨 Aula 7: Funções: Modularização e Reuso de Código' importada/atualizada.
      -> 💬 Post de fórum criado.
      -> 📝 Quiz '📝 Quiz de Fixação: Aula 7 - PENSAMENTO COMPUTACIONAL II' criado.
      -> Processando conteúdo do quiz...
        ✅ Questão 1 identificada (aguardando gabarito/salvamento)...
        ✅ Questão 2 identificada (aguardando gabarito/salvamento)...
        ✅ Questão 3 identificada (aguardando gabarito/salvamento)...
      -> 🔑 Seção de Gabarito encontrada.
        ✅ Questão 4 identificada (aguardando gabarito/salvamento)...
      -> Salvando 4 questões no banco...
        ✅ Questão 1 salva com sucesso.
        ✅ Questão 2 salva com sucesso.
        ✅ Questão 3 salva com sucesso.
        ✅ Questão 4 salva com sucesso.
    ✅ Aula '🎨 Aula 8: Tratamento de Exceções e Erros de Lógica' importada/atualizada.
      -> 💬 Post de fórum criado.
      -> 📝 Quiz '📝 Quiz de Fixação: Aula 8 - PENSAMENTO COMPUTACIONAL II' criado.
      -> Processando conteúdo do quiz...
        ✅ Questão 1 identificada (aguardando gabarito/salvamento)...
        ✅ Questão 2 identificada (aguardando gabarito/salvamento)...
        ✅ Questão 3 identificada (aguardando gabarito/salvamento)...
      -> 🔑 Seção de Gabarito encontrada.
        ✅ Questão 4 identificada (aguardando gabarito/salvamento)...
      -> Salvando 4 questões no banco...
        ✅ Questão 1 salva com sucesso.
        ✅ Questão 2 salva com sucesso.
        ✅ Questão 3 salva com sucesso.
        ✅ Questão 4 salva com sucesso.

 Encontrado: Turma 'EMTPDES-SIS-2ª SERIE - INTEGRAL-I-B' -> Disciplina 'PENSAMENTO COMPUTACIONAL II' -> Semana 'S02'
    ✅ Aula '🎨 Aula 9: Entrega de Projeto 2 - Simulador de Decisões Algorítmicas' importada/atualizada.
      -> 💬 Post de fórum criado.
      -> 📝 Quiz '📝 Quiz de Fixação: Aula 9 - PENSAMENTO COMPUTACIONAL II' criado.
      -> Processando conteúdo do quiz...
        ✅ Questão 1 identificada (aguardando gabarito/salvamento)...
        ✅ Questão 2 identificada (aguardando gabarito/salvamento)...
        ✅ Questão 3 identificada (aguardando gabarito/salvamento)...
      -> 🔑 Seção de Gabarito encontrada.
        ✅ Questão 4 identificada (aguardando gabarito/salvamento)...
      -> Salvando 4 questões no banco...
        ✅ Questão 1 salva com sucesso.
        ✅ Questão 2 salva com sucesso.
        ✅ Questão 3 salva com sucesso.
        ✅ Questão 4 salva com sucesso.
    ✅ Aula '🎨 Aula 10: Manipulação de Strings e Dados Textuais' importada/atualizada.
      -> 💬 Post de fórum criado.
      -> 📝 Quiz '📝 Quiz de Fixação: Aula 10 - PENSAMENTO COMPUTACIONAL II' criado.
      -> Processando conteúdo do quiz...
        ✅ Questão 1 identificada (aguardando gabarito/salvamento)...
        ✅ Questão 2 identificada (aguardando gabarito/salvamento)...
        ✅ Questão 3 identificada (aguardando gabarito/salvamento)...
      -> 🔑 Seção de Gabarito encontrada.
        ✅ Questão 4 identificada (aguardando gabarito/salvamento)...
      -> Salvando 4 questões no banco...
        ✅ Questão 1 salva com sucesso.
        ✅ Questão 2 salva com sucesso.
        ✅ Questão 3 salva com sucesso.
        ✅ Questão 4 salva com sucesso.
    ✅ Aula '🎨 Aula 11: Decomposição de Problemas e Fluxogramas' importada/atualizada.
      -> 💬 Post de fórum criado.
      -> 📝 Quiz '📝 Quiz de Fixação: Aula 11 - PENSAMENTO COMPUTACIONAL II' criado.
      -> Processando conteúdo do quiz...
        ✅ Questão 1 identificada (aguardando gabarito/salvamento)...
        ✅ Questão 2 identificada (aguardando gabarito/salvamento)...
        ✅ Questão 3 identificada (aguardando gabarito/salvamento)...
      -> 🔑 Seção de Gabarito encontrada.
        ✅ Questão 4 identificada (aguardando gabarito/salvamento)...
      -> Salvando 4 questões no banco...
        ✅ Questão 1 salva com sucesso.
        ✅ Questão 2 salva com sucesso.
        ✅ Questão 3 salva com sucesso.
        ✅ Questão 4 salva com sucesso.
    ✅ Aula '🎨 Aula 12: Revisão Geral de Lógica de Programação' importada/atualizada.
      -> 💬 Post de fórum criado.
      -> 📝 Quiz '📝 Quiz de Fixação: Aula 12 - PENSAMENTO COMPUTACIONAL II' criado.
      -> Processando conteúdo do quiz...
        ✅ Questão 1 identificada (aguardando gabarito/salvamento)...
        ✅ Questão 2 identificada (aguardando gabarito/salvamento)...
        ✅ Questão 3 identificada (aguardando gabarito/salvamento)...
      -> 🔑 Seção de Gabarito encontrada.
        ✅ Questão 4 identificada (aguardando gabarito/salvamento)...
      -> Salvando 4 questões no banco...
        ✅ Questão 1 salva com sucesso.
        ✅ Questão 2 salva com sucesso.
        ✅ Questão 3 salva com sucesso.
        ✅ Questão 4 salva com sucesso.
    ✅ Aula '🎨 Aula 13: Prova Objetiva 1 - Fundamentos de Python e Algoritmos' importada/atualizada.
      -> 💬 Post de fórum criado.
      -> 📝 Quiz '📝 Quiz de Fixação: Aula 13 - PENSAMENTO COMPUTACIONAL II' criado.
      -> Processando conteúdo do quiz...
        ✅ Questão 1 identificada (aguardando gabarito/salvamento)...
        ✅ Questão 2 identificada (aguardando gabarito/salvamento)...
        ✅ Questão 3 identificada (aguardando gabarito/salvamento)...
      -> 🔑 Seção de Gabarito encontrada.
        ✅ Questão 4 identificada (aguardando gabarito/salvamento)...
      -> Salvando 4 questões no banco...
        ✅ Questão 1 salva com sucesso.
        ✅ Questão 2 salva com sucesso.
        ✅ Questão 3 salva com sucesso.
        ✅ Questão 4 salva com sucesso.
    ✅ Aula '🎨 Aula 14: Listas e Tuplas: Organizando Informações em Sequência' importada/atualizada.
      -> 💬 Post de fórum criado.
      -> 📝 Quiz '📝 Quiz de Fixação: Aula 14 - PENSAMENTO COMPUTACIONAL II' criado.
      -> Processando conteúdo do quiz...
        ✅ Questão 1 identificada (aguardando gabarito/salvamento)...
        ✅ Questão 2 identificada (aguardando gabarito/salvamento)...
        ✅ Questão 3 identificada (aguardando gabarito/salvamento)...
      -> 🔑 Seção de Gabarito encontrada.
        ✅ Questão 4 identificada (aguardando gabarito/salvamento)...
      -> Salvando 4 questões no banco...
        ✅ Questão 1 salva com sucesso.
        ✅ Questão 2 salva com sucesso.
        ✅ Questão 3 salva com sucesso.
        ✅ Questão 4 salva com sucesso.
    ✅ Aula '🎨 Aula 15: Dicionários: Mapeamento de Dados com Chave-Valor' importada/atualizada.
      -> 💬 Post de fórum criado.
      -> 📝 Quiz '📝 Quiz de Fixação: Aula 15 - PENSAMENTO COMPUTACIONAL II' criado.
      -> Processando conteúdo do quiz...
        ✅ Questão 1 identificada (aguardando gabarito/salvamento)...
        ✅ Questão 2 identificada (aguardando gabarito/salvamento)...
        ✅ Questão 3 identificada (aguardando gabarito/salvamento)...
      -> 🔑 Seção de Gabarito encontrada.
        ✅ Questão 4 identificada (aguardando gabarito/salvamento)...
      -> Salvando 4 questões no banco...
        ✅ Questão 1 salva com sucesso.
        ✅ Questão 2 salva com sucesso.
        ✅ Questão 3 salva com sucesso.
        ✅ Questão 4 salva com sucesso.
    ✅ Aula '🎨 Aula 16: Métodos de Busca e Ordenação de Listas' importada/atualizada.
      -> 💬 Post de fórum criado.
      -> 📝 Quiz '📝 Quiz de Fixação: Aula 16 - PENSAMENTO COMPUTACIONAL II' criado.
      -> Processando conteúdo do quiz...
        ✅ Questão 1 identificada (aguardando gabarito/salvamento)...
        ✅ Questão 2 identificada (aguardando gabarito/salvamento)...
        ✅ Questão 3 identificada (aguardando gabarito/salvamento)...
      -> 🔑 Seção de Gabarito encontrada.
        ✅ Questão 4 identificada (aguardando gabarito/salvamento)...
      -> Salvando 4 questões no banco...
        ✅ Questão 1 salva com sucesso.
        ✅ Questão 2 salva com sucesso.
        ✅ Questão 3 salva com sucesso.
        ✅ Questão 4 salva com sucesso.

 Encontrado: Turma 'EMTPDES-SIS-2ª SERIE - INTEGRAL-I-B' -> Disciplina 'PENSAMENTO COMPUTACIONAL II' -> Semana 'S03'
    ✅ Aula '🎨 Aula 17: Entrega de Projeto 1 - Sistema de Gerenciamento de Dados' importada/atualizada.
      -> 💬 Post de fórum criado.
      -> 📝 Quiz '📝 Quiz de Fixação: Aula 17 - PENSAMENTO COMPUTACIONAL II' criado.
      -> Processando conteúdo do quiz...
        ⏳ Questão 1 identificada (aguardando gabarito/salvamento)...
        ✅ Questão 2 identificada (aguardando gabarito/salvamento)...
        ✅ Questão 3 identificada (aguardando gabarito/salvamento)...
      -> 🔑 Seção de Gabarito encontrada.
        ✅ Questão 4 identificada (aguardando gabarito/salvamento)...
      -> Salvando 4 questões no banco...
        ⚠️  Questão 1 ignorada (sem resposta correta identificada).
            (Dica: Use '[x]', adicione 'Resposta: X' ou uma seção '**✅ Gabarito:**')
        ✅ Questão 2 salva com sucesso.
        ✅ Questão 3 salva com sucesso.
        ✅ Questão 4 salva com sucesso.
    ✅ Aula '🎨 Aula 18: Manipulação de Arquivos de Texto (TXT e CSV)' importada/atualizada.
      -> 💬 Post de fórum criado.
      -> 📝 Quiz '📝 Quiz de Fixação: Aula 18 - PENSAMENTO COMPUTACIONAL II' criado.
      -> Processando conteúdo do quiz...
        ✅ Questão 1 identificada (aguardando gabarito/salvamento)...
        ✅ Questão 2 identificada (aguardando gabarito/salvamento)...
        ✅ Questão 3 identificada (aguardando gabarito/salvamento)...
      -> 🔑 Seção de Gabarito encontrada.
        ✅ Questão 4 identificada (aguardando gabarito/salvamento)...
      -> Salvando 4 questões no banco...
        ✅ Questão 1 salva com sucesso.
        ✅ Questão 2 salva com sucesso.
        ✅ Questão 3 salva com sucesso.
        ✅ Questão 4 salva com sucesso.
    ✅ Aula '🎨 Aula 19: Introdução à Bibliotecas de Terceiros e Importações' importada/atualizada.
      -> 💬 Post de fórum criado.
      -> 📝 Quiz '📝 Quiz de Fixação: Aula 19 - PENSAMENTO COMPUTACIONAL II' criado.
      -> Processando conteúdo do quiz...
        ✅ Questão 1 identificada (aguardando gabarito/salvamento)...
        ✅ Questão 2 identificada (aguardando gabarito/salvamento)...
        ✅ Questão 3 identificada (aguardando gabarito/salvamento)...
      -> 🔑 Seção de Gabarito encontrada.
        ✅ Questão 4 identificada (aguardando gabarito/salvamento)...
      -> Salvando 4 questões no banco...
        ✅ Questão 1 salva com sucesso.
        ✅ Questão 2 salva com sucesso.
        ✅ Questão 3 salva com sucesso.
        ✅ Questão 4 salva com sucesso.
    ✅ Aula '🎨 Aula 20: Algoritmos de Reconhecimento de Padrões' importada/atualizada.
      -> 💬 Post de fórum criado.
      -> 📝 Quiz '📝 Quiz de Fixação: Aula 20 - PENSAMENTO COMPUTACIONAL II' criado.
      -> Processando conteúdo do quiz...
        ✅ Questão 1 identificada (aguardando gabarito/salvamento)...
        ⏳ Questão 2 identificada (aguardando gabarito/salvamento)...
        ✅ Questão 3 identificada (aguardando gabarito/salvamento)...
      -> 🔑 Seção de Gabarito encontrada.
        ✅ Questão 4 identificada (aguardando gabarito/salvamento)...
      -> Salvando 4 questões no banco...
        ✅ Questão 1 salva com sucesso.
        ⚠️  Questão 2 ignorada (sem resposta correta identificada).
            (Dica: Use '[x]', adicione 'Resposta: X' ou uma seção '**✅ Gabarito:**')
        ✅ Questão 3 salva com sucesso.
        ✅ Questão 4 salva com sucesso.
    ✅ Aula '🎨 Aula 21: Abstração de Dados e Modelagem de Problemas' importada/atualizada.
      -> 💬 Post de fórum criado.
      -> 📝 Quiz '📝 Quiz de Fixação: Aula 21 - PENSAMENTO COMPUTACIONAL II' criado.
      -> Processando conteúdo do quiz...
        ✅ Questão 1 identificada (aguardando gabarito/salvamento)...
        ✅ Questão 2 identificada (aguardando gabarito/salvamento)...
        ✅ Questão 3 identificada (aguardando gabarito/salvamento)...
      -> 🔑 Seção de Gabarito encontrada.
        ✅ Questão 4 identificada (aguardando gabarito/salvamento)...
      -> Salvando 4 questões no banco...
        ✅ Questão 1 salva com sucesso.
        ✅ Questão 2 salva com sucesso.
        ✅ Questão 3 salva com sucesso.
        ✅ Questão 4 salva com sucesso.
    ✅ Aula '🎨 Aula 22: Automação de Tarefas com Scripts Python' importada/atualizada.
      -> 💬 Post de fórum criado.
      -> 📝 Quiz '📝 Quiz de Fixação: Aula 22 - PENSAMENTO COMPUTACIONAL II' criado.
      -> Processando conteúdo do quiz...
        ✅ Questão 1 identificada (aguardando gabarito/salvamento)...
        ✅ Questão 2 identificada (aguardando gabarito/salvamento)...
        ✅ Questão 3 identificada (aguardando gabarito/salvamento)...
      -> 🔑 Seção de Gabarito encontrada.
        ✅ Questão 4 identificada (aguardando gabarito/salvamento)...
      -> Salvando 4 questões no banco...
        ✅ Questão 1 salva com sucesso.
        ✅ Questão 2 salva com sucesso.
        ✅ Questão 3 salva com sucesso.
        ✅ Questão 4 salva com sucesso.
    ✅ Aula '🎨 Aula 23: Entrega de Projeto 2 - Analisador de Dados Externos' importada/atualizada.
      -> 💬 Post de fórum criado.
      -> 📝 Quiz '📝 Quiz de Fixação: Aula 23 - PENSAMENTO COMPUTACIONAL II' criado.
      -> Processando conteúdo do quiz...
        ✅ Questão 1 identificada (aguardando gabarito/salvamento)...
        ✅ Questão 2 identificada (aguardando gabarito/salvamento)...
        ✅ Questão 3 identificada (aguardando gabarito/salvamento)...
      -> 🔑 Seção de Gabarito encontrada.
        ✅ Questão 4 identificada (aguardando gabarito/salvamento)...
      -> Salvando 4 questões no banco...
        ✅ Questão 1 salva com sucesso.
        ✅ Questão 2 salva com sucesso.
        ✅ Questão 3 salva com sucesso.
        ✅ Questão 4 salva com sucesso.
    ✅ Aula '🎨 Aula 24: Divisão e Conquista: Estratégias Algorítmicas' importada/atualizada.
      -> 💬 Post de fórum criado.
      -> 📝 Quiz '📝 Quiz de Fixação: Aula 24 - PENSAMENTO COMPUTACIONAL II' criado.
      -> Processando conteúdo do quiz...
        ✅ Questão 1 identificada (aguardando gabarito/salvamento)...
        ✅ Questão 2 identificada (aguardando gabarito/salvamento)...
        ✅ Questão 3 identificada (aguardando gabarito/salvamento)...
      -> 🔑 Seção de Gabarito encontrada.
        ✅ Questão 4 identificada (aguardando gabarito/salvamento)...
      -> Salvando 4 questões no banco...
        ✅ Questão 1 salva com sucesso.
        ✅ Questão 2 salva com sucesso.
        ✅ Questão 3 salva com sucesso.
        ✅ Questão 4 salva com sucesso.

 Encontrado: Turma 'EMTPDES-SIS-2ª SERIE - INTEGRAL-I-B' -> Disciplina 'PENSAMENTO COMPUTACIONAL II' -> Semana 'S04'
    ✅ Aula '🎨 Aula 25: Revisão de Estruturas Complexas e Módulos' importada/atualizada.
      -> 💬 Post de fórum criado.
      -> 📝 Quiz '📝 Quiz de Fixação: Aula 25 - PENSAMENTO COMPUTACIONAL II' criado.
      -> Processando conteúdo do quiz...
        ✅ Questão 1 identificada (aguardando gabarito/salvamento)...
        ✅ Questão 2 identificada (aguardando gabarito/salvamento)...
        ✅ Questão 3 identificada (aguardando gabarito/salvamento)...
      -> 🔑 Seção de Gabarito encontrada.
        ✅ Questão 4 identificada (aguardando gabarito/salvamento)...
      -> Salvando 4 questões no banco...
        ✅ Questão 1 salva com sucesso.
        ✅ Questão 2 salva com sucesso.
        ✅ Questão 3 salva com sucesso.
        ✅ Questão 4 salva com sucesso.
    ✅ Aula '🎨 Aula 26: Prova Objetiva 2 - Estruturas de Dados e Organização' importada/atualizada.
      -> 💬 Post de fórum criado.
      -> 📝 Quiz '📝 Quiz de Fixação: Aula 26 - PENSAMENTO COMPUTACIONAL II' criado.
      -> Processando conteúdo do quiz...
        ✅ Questão 1 identificada (aguardando gabarito/salvamento)...
        ✅ Questão 2 identificada (aguardando gabarito/salvamento)...
        ✅ Questão 3 identificada (aguardando gabarito/salvamento)...
      -> 🔑 Seção de Gabarito encontrada.
        ✅ Questão 4 identificada (aguardando gabarito/salvamento)...
      -> Salvando 4 questões no banco...
        ✅ Questão 1 salva com sucesso.
        ✅ Questão 2 salva com sucesso.
        ✅ Questão 3 salva com sucesso.
        ✅ Questão 4 salva com sucesso.
    ✅ Aula '🎨 Aula 27: Ciência de Dados: Introdução e Importância Social' importada/atualizada.
      -> 💬 Post de fórum criado.
      -> 📝 Quiz '📝 Quiz de Fixação: Aula 27 - PENSAMENTO COMPUTACIONAL II' criado.
      -> Processando conteúdo do quiz...
        ✅ Questão 1 identificada (aguardando gabarito/salvamento)...
        ✅ Questão 2 identificada (aguardando gabarito/salvamento)...
        ✅ Questão 3 identificada (aguardando gabarito/salvamento)...
      -> 🔑 Seção de Gabarito encontrada.
        ✅ Questão 4 identificada (aguardando gabarito/salvamento)...
      -> Salvando 4 questões no banco...
        ✅ Questão 1 salva com sucesso.
        ✅ Questão 2 salva com sucesso.
        ✅ Questão 3 salva com sucesso.
        ✅ Questão 4 salva com sucesso.
    ✅ Aula '🎨 Aula 28: Visualização de Dados e Interpretação de Gráficos' importada/atualizada.
      -> 💬 Post de fórum criado.
      -> 📝 Quiz '📝 Quiz de Fixação: Aula 28 - PENSAMENTO COMPUTACIONAL II' criado.
      -> Processando conteúdo do quiz...
        ✅ Questão 1 identificada (aguardando gabarito/salvamento)...
        ✅ Questão 2 identificada (aguardando gabarito/salvamento)...
        ✅ Questão 3 identificada (aguardando gabarito/salvamento)...
      -> 🔑 Seção de Gabarito encontrada.
        ✅ Questão 4 identificada (aguardando gabarito/salvamento)...
      -> Salvando 4 questões no banco...
        ✅ Questão 1 salva com sucesso.
        ✅ Questão 2 salva com sucesso.
        ✅ Questão 3 salva com sucesso.
        ✅ Questão 4 salva com sucesso.
    ✅ Aula '🎨 Aula 29: Ética na Computação e Inteligência Artificial' importada/atualizada.
      -> 💬 Post de fórum criado.
      -> 📝 Quiz '📝 Quiz de Fixação: Aula 29 - PENSAMENTO COMPUTACIONAL II' criado.
      -> Processando conteúdo do quiz...
        ✅ Questão 1 identificada (aguardando gabarito/salvamento)...
        ✅ Questão 2 identificada (aguardando gabarito/salvamento)...
        ✅ Questão 3 identificada (aguardando gabarito/salvamento)...
      -> 🔑 Seção de Gabarito encontrada.
        ✅ Questão 4 identificada (aguardando gabarito/salvamento)...
      -> Salvando 4 questões no banco...
        ✅ Questão 1 salva com sucesso.
        ✅ Questão 2 salva com sucesso.
        ✅ Questão 3 salva com sucesso.
        ✅ Questão 4 salva com sucesso.
    ✅ Aula '🎨 Aula 30: Algoritmos para Resolução de Problemas Sociais' importada/atualizada.
      -> 💬 Post de fórum criado.
      -> 📝 Quiz '📝 Quiz de Fixação: Aula 30 - PENSAMENTO COMPUTACIONAL II' criado.
      -> Processando conteúdo do quiz...
          -> Gabarito identificado na linha: A (Opção 1)
        ✅ Questão 1 identificada (aguardando gabarito/salvamento)...
        ✅ Questão 3 identificada (aguardando gabarito/salvamento)...
      -> 🔑 Seção de Gabarito encontrada.
        ✅ Questão 4 identificada (aguardando gabarito/salvamento)...
      -> Salvando 3 questões no banco...
        ✅ Questão 1 salva com sucesso.
        ✅ Questão 3 salva com sucesso.
        ✅ Questão 4 salva com sucesso.
    ✅ Aula '🎨 Aula 31: Entrega de Projeto 1 - Dashboard de Análise de Impacto' importada/atualizada.
      -> 💬 Post de fórum criado.
      -> 📝 Quiz '📝 Quiz de Fixação: Aula 31 - PENSAMENTO COMPUTACIONAL II' criado.
      -> Processando conteúdo do quiz...
        ✅ Questão 1 identificada (aguardando gabarito/salvamento)...
        ✅ Questão 2 identificada (aguardando gabarito/salvamento)...
        ✅ Questão 3 identificada (aguardando gabarito/salvamento)...
      -> 🔑 Seção de Gabarito encontrada.
        ✅ Questão 4 identificada (aguardando gabarito/salvamento)...
      -> Salvando 4 questões no banco...
        ✅ Questão 1 salva com sucesso.
        ✅ Questão 2 salva com sucesso.
        ✅ Questão 3 salva com sucesso.
        ✅ Questão 4 salva com sucesso.
    ✅ Aula '🎨 Aula 32: Planejamento e Arquitetura do Projeto Final' importada/atualizada.
      -> 💬 Post de fórum criado.
      -> 📝 Quiz '📝 Quiz de Fixação: Aula 32 - PENSAMENTO COMPUTACIONAL II' criado.
      -> Processando conteúdo do quiz...
        ✅ Questão 1 identificada (aguardando gabarito/salvamento)...
        ✅ Questão 2 identificada (aguardando gabarito/salvamento)...
        ✅ Questão 3 identificada (aguardando gabarito/salvamento)...
      -> 🔑 Seção de Gabarito encontrada.
        ✅ Questão 4 identificada (aguardando gabarito/salvamento)...
      -> Salvando 4 questões no banco...
        ✅ Questão 1 salva com sucesso.
        ✅ Questão 2 salva com sucesso.
        ✅ Questão 3 salva com sucesso.
        ✅ Questão 4 salva com sucesso.

 Encontrado: Turma 'EMTPDES-SIS-2ª SERIE - INTEGRAL-I-B' -> Disciplina 'PENSAMENTO COMPUTACIONAL II' -> Semana 'S05'
    ✅ Aula '🎨 Aula 33: Desenvolvimento: Implementação da Lógica Principal' importada/atualizada.
      -> 💬 Post de fórum criado.
      -> 📝 Quiz '📝 Quiz de Fixação: Aula 33 - PENSAMENTO COMPUTACIONAL II' criado.
      -> Processando conteúdo do quiz...
        ✅ Questão 1 identificada (aguardando gabarito/salvamento)...
        ✅ Questão 2 identificada (aguardando gabarito/salvamento)...
        ✅ Questão 3 identificada (aguardando gabarito/salvamento)...
      -> 🔑 Seção de Gabarito encontrada.
        ✅ Questão 4 identificada (aguardando gabarito/salvamento)...
      -> Salvando 4 questões no banco...
        ✅ Questão 1 salva com sucesso.
        ✅ Questão 2 salva com sucesso.
        ✅ Questão 3 salva com sucesso.
        ✅ Questão 4 salva com sucesso.
    ✅ Aula '🎨 Aula 34: Desenvolvimento: Interface e Interação com Usuário' importada/atualizada.
      -> 💬 Post de fórum criado.
      -> 📝 Quiz '📝 Quiz de Fixação: Aula 34 - PENSAMENTO COMPUTACIONAL II' criado.
      -> Processando conteúdo do quiz...
        ✅ Questão 1 identificada (aguardando gabarito/salvamento)...
        ✅ Questão 2 identificada (aguardando gabarito/salvamento)...
        ⏳ Questão 3 identificada (aguardando gabarito/salvamento)...
      -> 🔑 Seção de Gabarito encontrada.
        ✅ Questão 4 identificada (aguardando gabarito/salvamento)...
      -> Salvando 4 questões no banco...
        ✅ Questão 1 salva com sucesso.
        ✅ Questão 2 salva com sucesso.
        ⚠️  Questão 3 ignorada (sem resposta correta identificada).
            (Dica: Use '[x]', adicione 'Resposta: X' ou uma seção '**✅ Gabarito:**')
        ✅ Questão 4 salva com sucesso.
    ✅ Aula '🎨 Aula 35: Testes de Software e Validação de Resultados' importada/atualizada.
      -> 💬 Post de fórum criado.
      -> 📝 Quiz '📝 Quiz de Fixação: Aula 35 - PENSAMENTO COMPUTACIONAL II' criado.
      -> Processando conteúdo do quiz...
        ✅ Questão 1 identificada (aguardando gabarito/salvamento)...
        ✅ Questão 2 identificada (aguardando gabarito/salvamento)...
        ✅ Questão 3 identificada (aguardando gabarito/salvamento)...
      -> 🔑 Seção de Gabarito encontrada.
        ✅ Questão 4 identificada (aguardando gabarito/salvamento)...
      -> Salvando 4 questões no banco...
        ✅ Questão 1 salva com sucesso.
        ✅ Questão 2 salva com sucesso.
        ✅ Questão 3 salva com sucesso.
        ✅ Questão 4 salva com sucesso.
    ✅ Aula '🎨 Aula 36: Otimização de Código e Eficiência Computacional' importada/atualizada.
      -> 💬 Post de fórum criado.
      -> 📝 Quiz '📝 Quiz de Fixação: Aula 36 - PENSAMENTO COMPUTACIONAL II' criado.
      -> Processando conteúdo do quiz...
        ✅ Questão 1 identificada (aguardando gabarito/salvamento)...
        ✅ Questão 2 identificada (aguardando gabarito/salvamento)...
        ✅ Questão 3 identificada (aguardando gabarito/salvamento)...
      -> 🔑 Seção de Gabarito encontrada.
        ✅ Questão 4 identificada (aguardando gabarito/salvamento)...
      -> Salvando 4 questões no banco...
        ✅ Questão 1 salva com sucesso.
        ✅ Questão 2 salva com sucesso.
        ✅ Questão 3 salva com sucesso.
        ✅ Questão 4 salva com sucesso.
    ✅ Aula '🎨 Aula 37: Entrega de Projeto 2 (Final) - Solução Tecnológica Completa' importada/atualizada.
      -> 💬 Post de fórum criado.
      -> 📝 Quiz '📝 Quiz de Fixação: Aula 37 - PENSAMENTO COMPUTACIONAL II' criado.
      -> Processando conteúdo do quiz...
        ✅ Questão 1 identificada (aguardando gabarito/salvamento)...
        ✅ Questão 2 identificada (aguardando gabarito/salvamento)...
        ✅ Questão 3 identificada (aguardando gabarito/salvamento)...
          -> Gabarito identificado na linha: A (Opção 1)
      -> 🔑 Seção de Gabarito encontrada.
        ✅ Questão 4 identificada (aguardando gabarito/salvamento)...
      -> Salvando 4 questões no banco...
        ✅ Questão 1 salva com sucesso.
        ✅ Questão 2 salva com sucesso.
        ✅ Questão 3 salva com sucesso.
        ✅ Questão 4 salva com sucesso.
    ✅ Aula '🎨 Aula 38: Apresentação Técnica e Demonstração do Projeto' importada/atualizada.
      -> 💬 Post de fórum criado.
      -> 📝 Quiz '📝 Quiz de Fixação: Aula 38 - PENSAMENTO COMPUTACIONAL II' criado.
      -> Processando conteúdo do quiz...
        ✅ Questão 1 identificada (aguardando gabarito/salvamento)...
        ✅ Questão 2 identificada (aguardando gabarito/salvamento)...
        ✅ Questão 3 identificada (aguardando gabarito/salvamento)...
      -> 🔑 Seção de Gabarito encontrada.
        ✅ Questão 4 identificada (aguardando gabarito/salvamento)...
      -> Salvando 4 questões no banco...
        ✅ Questão 1 salva com sucesso.
        ✅ Questão 2 salva com sucesso.
        ✅ Questão 3 salva com sucesso.
        ✅ Questão 4 salva com sucesso.
    ✅ Aula '🎨 Aula 39: Revisão Anual: A Evolução do Pensamento Lógico' importada/atualizada.
      -> 💬 Post de fórum criado.
      -> 📝 Quiz '📝 Quiz de Fixação: Aula 39 - PENSAMENTO COMPUTACIONAL II' criado.
      -> Processando conteúdo do quiz...
        ✅ Questão 1 identificada (aguardando gabarito/salvamento)...
        ✅ Questão 2 identificada (aguardando gabarito/salvamento)...
        ✅ Questão 3 identificada (aguardando gabarito/salvamento)...
      -> 🔑 Seção de Gabarito encontrada.
        ✅ Questão 4 identificada (aguardando gabarito/salvamento)...
      -> Salvando 4 questões no banco...
        ✅ Questão 1 salva com sucesso.
        ✅ Questão 2 salva com sucesso.
        ✅ Questão 3 salva com sucesso.
        ✅ Questão 4 salva com sucesso.
    ✅ Aula '🎨 Aula 40: Prova Objetiva 3 - Integração e Conceitos Avançados' importada/atualizada.
      -> 💬 Post de fórum criado.
      -> 📝 Quiz '📝 Quiz de Fixação: Aula 40 - PENSAMENTO COMPUTACIONAL II' criado.
      -> Processando conteúdo do quiz...
        ✅ Questão 1 identificada (aguardando gabarito/salvamento)...
        ✅ Questão 2 identificada (aguardando gabarito/salvamento)...
        ✅ Questão 3 identificada (aguardando gabarito/salvamento)...
      -> 🔑 Seção de Gabarito encontrada.
        ✅ Questão 4 identificada (aguardando gabarito/salvamento)...
      -> Salvando 4 questões no banco...
        ✅ Questão 1 salva com sucesso.
        ✅ Questão 2 salva com sucesso.
        ✅ Questão 3 salva com sucesso.
        ✅ Questão 4 salva com sucesso.
  ⚠️  Ignorando pasta 'EMTPDES-SIS-2ª SERIE - INTEGRAL-I-B\PROGRAMACAO ESTRUTURADA': Estrutura muito rasa (esperado: Turma/Disciplina/Semana).

 Encontrado: Turma 'EMTPDES-SIS-2ª SERIE - INTEGRAL-I-B' -> Disciplina 'PROGRAMACAO ESTRUTURADA' -> Semana 'S01'
    ⏭️  Aula 'Aula 01' já consta no logs.txt. Pulando.
    ⏭️  Aula 'Aula 02' já consta no logs.txt. Pulando.
    ⏭️  Aula 'Aula 03' já consta no logs.txt. Pulando.
    ⏭️  Aula 'Aula 04' já consta no logs.txt. Pulando.
    ⏭️  Aula 'Aula 05' já consta no logs.txt. Pulando.
    ⏭️  Aula 'Aula 06' já consta no logs.txt. Pulando.
    ⏭️  Aula 'Aula 07' já consta no logs.txt. Pulando.
    ⏭️  Aula 'Aula 08' já consta no logs.txt. Pulando.
    ⏭️  Aula 'Aula 01' já consta no logs.txt. Pulando.
    ⏭️  Aula 'Aula 02' já consta no logs.txt. Pulando.

 Encontrado: Turma 'EMTPDES-SIS-2ª SERIE - INTEGRAL-I-B' -> Disciplina 'PROGRAMACAO ESTRUTURADA' -> Semana 'S02'
    ✅ Aula '🎨 Aula 09: O Comando `switch-case**` em C' importada/atualizada.
      -> 💬 Post de fórum criado.
      -> 📝 Quiz '📝 Quiz de Fixação: Aula 09 - PROGRAMACAO ESTRUTURADA' criado.
      -> Processando conteúdo do quiz...
        ⏳ Questão 1 identificada (aguardando gabarito/salvamento)...
        ⏳ Questão 2 identificada (aguardando gabarito/salvamento)...
      -> 🔑 Seção de Gabarito encontrada.
        ⏳ Questão 3 identificada (aguardando gabarito/salvamento)...
          -> Gabarito aplicado: Questão 1 = B (Opção 2)
          -> Gabarito aplicado: Questão 2 = C (Opção 3)
          -> Gabarito aplicado: Questão 3 = C (Opção 3)
      -> Salvando 3 questões no banco...
        ✅ Questão 1 salva com sucesso.
        ✅ Questão 2 salva com sucesso.
        ✅ Questão 3 salva com sucesso.
    ⏭️  Aula 'Aula 10  operadores lógicos (&&,   , !) e tabelas verdade aplicadas ao código.' já consta no logs.txt. Pulando.
    ⏭️  Aula 'Aula 11  estrutura condicional simples  o comando if.' já consta no logs.txt. Pulando.
    ⏭️  Aula 'Aula 12  revisão (aula 04  tipos primitivos de dados  inteiros e reais. declaração de variáveis e constantes.)' já consta no logs.txt. Pulando.
    ⏭️  Aula 'Aula 13  revisão (aula 03  instalação e configuração do ambiente)' já consta no logs.txt. Pulando.
    ⏭️  Aula 'Aula 14  revisão (lógica de decisão)' já consta no logs.txt. Pulando.
    ⏭️  Aula 'Aula 15  estudo de caso  algoritmo de validação de acesso e cálculo de descontos.' já consta no logs.txt. Pulando.
    ⏭️  Aula 'Aula 15  revisão de conteúdo' já consta no logs.txt. Pulando.
    ⏭️  Aula 'Aula 16  contadores e acumuladores' já consta no logs.txt. Pulando.

 Encontrado: Turma 'EMTPDES-SIS-2ª SERIE - INTEGRAL-I-B' -> Disciplina 'PROGRAMACAO ESTRUTURADA' -> Semana 'S03'
    ✅ Aula '🎨 Aula 17: Introdução aos Laços de Repetição' importada/atualizada.
      -> 💬 Post de fórum criado.
      -> 📝 Quiz '📝 Quiz de Fixação: Introdução aos Laços de Repeti... - PROGRAMACAO ESTRUTURADA' criado.
      -> Processando conteúdo do quiz...
        ✅ Questão 1 identificada (aguardando gabarito/salvamento)...
        ✅ Questão 2 identificada (aguardando gabarito/salvamento)...
        ✅ Questão 3 identificada (aguardando gabarito/salvamento)...
      -> 🔑 Seção de Gabarito encontrada.
        ✅ Questão 4 identificada (aguardando gabarito/salvamento)...
      -> Salvando 4 questões no banco...
        ✅ Questão 1 salva com sucesso.
        ✅ Questão 2 salva com sucesso.
        ✅ Questão 3 salva com sucesso.
        ✅ Questão 4 salva com sucesso.
    ✅ Aula '🎨 Aula 18: O comando `while`.' importada/atualizada.
      -> 💬 Post de fórum criado.
      -> 📝 Quiz '📝 Quiz de Fixação: o comando `while`. - PROGRAMACAO ESTRUTURADA' criado.
      -> Processando conteúdo do quiz...
        ✅ Questão 1 identificada (aguardando gabarito/salvamento)...
        ✅ Questão 2 identificada (aguardando gabarito/salvamento)...
        ✅ Questão 3 identificada (aguardando gabarito/salvamento)...
      -> 🔑 Seção de Gabarito encontrada.
        ✅ Questão 4 identificada (aguardando gabarito/salvamento)...
      -> Salvando 4 questões no banco...
        ✅ Questão 1 salva com sucesso.
        ✅ Questão 2 salva com sucesso.
        ✅ Questão 3 salva com sucesso.
        ✅ Questão 4 salva com sucesso.
    ✅ Aula '🎨 Aula 19: Laço `do-while` (validação de dados)' importada/atualizada.
      -> 💬 Post de fórum criado.
      -> 📝 Quiz '📝 Quiz de Fixação: Laço `do-while` (validação de ... - PROGRAMACAO ESTRUTURADA' criado.
      -> Processando conteúdo do quiz...
        ✅ Questão 1 identificada (aguardando gabarito/salvamento)...
        ✅ Questão 2 identificada (aguardando gabarito/salvamento)...
        ✅ Questão 3 identificada (aguardando gabarito/salvamento)...
      -> 🔑 Seção de Gabarito encontrada.
        ✅ Questão 4 identificada (aguardando gabarito/salvamento)...
      -> Salvando 4 questões no banco...
        ✅ Questão 1 salva com sucesso.
        ✅ Questão 2 salva com sucesso.
        ✅ Questão 3 salva com sucesso.
        ✅ Questão 4 salva com sucesso.
    ✅ Aula '🎨 Aula 20: Laço `for` (repetição controlada).' importada/atualizada.
      -> 💬 Post de fórum criado.
      -> 📝 Quiz '📝 Quiz de Fixação: Laço `for` (repetição controla... - PROGRAMACAO ESTRUTURADA' criado.
      -> Processando conteúdo do quiz...
        ✅ Questão 1 identificada (aguardando gabarito/salvamento)...
        ✅ Questão 2 identificada (aguardando gabarito/salvamento)...
        ✅ Questão 3 identificada (aguardando gabarito/salvamento)...
      -> 🔑 Seção de Gabarito encontrada.
        ✅ Questão 4 identificada (aguardando gabarito/salvamento)...
          ⚠️  Gabarito para questão 8 não encontrado no buffer.
      -> Salvando 4 questões no banco...
        ✅ Questão 1 salva com sucesso.
        ✅ Questão 2 salva com sucesso.
        ✅ Questão 3 salva com sucesso.
        ✅ Questão 4 salva com sucesso.
    ⏭️  Aula 'Aula 21' já consta no logs.txt. Pulando.
    ⏭️  Aula 'Aula 22' já consta no logs.txt. Pulando.
    ⏭️  Aula 'Aula 23' já consta no logs.txt. Pulando.
    ⏭️  Aula 'Aula 24' já consta no logs.txt. Pulando.

 Encontrado: Turma 'EMTPDES-SIS-2ª SERIE - INTEGRAL-I-B' -> Disciplina 'PROGRAMACAO ESTRUTURADA' -> Semana 'S04'
    ⏭️  Aula 'Aula 25' já consta no logs.txt. Pulando.
    ⏭️  Aula 'Aula 26' já consta no logs.txt. Pulando.
    ⏭️  Aula 'Aula 27' já consta no logs.txt. Pulando.
    ⏭️  Aula 'Aula 28' já consta no logs.txt. Pulando.
    ⏭️  Aula 'Aula 29' já consta no logs.txt. Pulando.
    ⏭️  Aula 'Aula 30' já consta no logs.txt. Pulando.
    ⏭️  Aula 'Aula 31' já consta no logs.txt. Pulando.
    ✅ Aula '🎨 Aula 32: Funções da <string.h> (strlen, strcmp, strcpy) e Laboratório Prático 04: Sistema de nomes e médias.' importada/atualizada.
      -> 💬 Post de fórum criado.
      -> 📝 Quiz '📝 Quiz de Fixação: Aula 32 - PROGRAMACAO ESTRUTURADA' criado.
      -> Processando conteúdo do quiz...
        ✅ Questão 1 identificada (aguardando gabarito/salvamento)...
        ✅ Questão 2 identificada (aguardando gabarito/salvamento)...
        ✅ Questão 3 identificada (aguardando gabarito/salvamento)...
      -> 🔑 Seção de Gabarito encontrada.
        ✅ Questão 4 identificada (aguardando gabarito/salvamento)...
      -> Salvando 4 questões no banco...
        ✅ Questão 1 salva com sucesso.
        ✅ Questão 2 salva com sucesso.
        ✅ Questão 3 salva com sucesso.
        ✅ Questão 4 salva com sucesso.

 Encontrado: Turma 'EMTPDES-SIS-2ª SERIE - INTEGRAL-I-B' -> Disciplina 'PROGRAMACAO ESTRUTURADA' -> Semana 'S05'
    ✅ Aula '🎨 Aula 33: Introdução às Matrizes (linhas e colunas) e uso de laços aninhados para percorre-las.' importada/atualizada.
      -> 💬 Post de fórum criado.
      -> 📝 Quiz '📝 Quiz de Fixação: Aula 33 - PROGRAMACAO ESTRUTURADA' criado.
      -> Processando conteúdo do quiz...
        ✅ Questão 1 identificada (aguardando gabarito/salvamento)...
        ✅ Questão 2 identificada (aguardando gabarito/salvamento)...
        ✅ Questão 3 identificada (aguardando gabarito/salvamento)...
      -> 🔑 Seção de Gabarito encontrada.
        ✅ Questão 4 identificada (aguardando gabarito/salvamento)...
      -> Salvando 4 questões no banco...
        ✅ Questão 1 salva com sucesso.
        ✅ Questão 2 salva com sucesso.
        ✅ Questão 3 salva com sucesso.
        ✅ Questão 4 salva com sucesso.
    ✅ Aula '🎨 Aula 34: Introdução às Matrizes (linhas e colunas) e uso de laços aninhados para percorre-las.' importada/atualizada.
      -> 💬 Post de fórum criado.
      -> 📝 Quiz '📝 Quiz de Fixação: Aula 34 - PROGRAMACAO ESTRUTURADA' criado.
      -> Processando conteúdo do quiz...
        ✅ Questão 1 identificada (aguardando gabarito/salvamento)...
        ✅ Questão 2 identificada (aguardando gabarito/salvamento)...
        ✅ Questão 3 identificada (aguardando gabarito/salvamento)...
      -> 🔑 Seção de Gabarito encontrada.
        ✅ Questão 4 identificada (aguardando gabarito/salvamento)...
      -> Salvando 4 questões no banco...
        ✅ Questão 1 salva com sucesso.
        ✅ Questão 2 salva com sucesso.
        ✅ Questão 3 salva com sucesso.
        ✅ Questão 4 salva com sucesso.
    ✅ Aula '🎨 Aula 35: Matrizes como tabelas de dados e início da Modularização (criação de funções próprias).' importada/atualizada.
      -> 💬 Post de fórum criado.
      -> 📝 Quiz '📝 Quiz de Fixação: Aula 35 - PROGRAMACAO ESTRUTURADA' criado.
      -> Processando conteúdo do quiz...
        ✅ Questão 1 identificada (aguardando gabarito/salvamento)...
        ✅ Questão 2 identificada (aguardando gabarito/salvamento)...
        ✅ Questão 3 identificada (aguardando gabarito/salvamento)...
      -> 🔑 Seção de Gabarito encontrada.
        ✅ Questão 4 identificada (aguardando gabarito/salvamento)...
      -> Salvando 4 questões no banco...
        ✅ Questão 1 salva com sucesso.
        ✅ Questão 2 salva com sucesso.
        ✅ Questão 3 salva com sucesso.
        ✅ Questão 4 salva com sucesso.
    ✅ Aula '🎨 Aula 36: Matrizes como tabelas de dados e início da Modularização (criação de funções próprias).' importada/atualizada.
      -> 💬 Post de fórum criado.
      -> 📝 Quiz '📝 Quiz de Fixação: Aula 36 - PROGRAMACAO ESTRUTURADA' criado.
      -> Processando conteúdo do quiz...
        ✅ Questão 1 identificada (aguardando gabarito/salvamento)...
        ✅ Questão 2 identificada (aguardando gabarito/salvamento)...
        ✅ Questão 3 identificada (aguardando gabarito/salvamento)...
      -> 🔑 Seção de Gabarito encontrada.
        ✅ Questão 4 identificada (aguardando gabarito/salvamento)...
      -> Salvando 4 questões no banco...
        ✅ Questão 1 salva com sucesso.
        ✅ Questão 2 salva com sucesso.
        ✅ Questão 3 salva com sucesso.
        ✅ Questão 4 salva com sucesso.
    ✅ Aula '🎨 Aula 37: Protótipos, parâmetros, retorno de valores e Escopo de variáveis (Local vs Global).' importada/atualizada.
      -> 💬 Post de fórum criado.
      -> 📝 Quiz '📝 Quiz de Fixação: Aula 37 - PROGRAMACAO ESTRUTURADA' criado.
      -> Processando conteúdo do quiz...
        ✅ Questão 1 identificada (aguardando gabarito/salvamento)...
        ✅ Questão 2 identificada (aguardando gabarito/salvamento)...
        ✅ Questão 3 identificada (aguardando gabarito/salvamento)...
      -> 🔑 Seção de Gabarito encontrada.
        ✅ Questão 4 identificada (aguardando gabarito/salvamento)...
      -> Salvando 4 questões no banco...
        ✅ Questão 1 salva com sucesso.
        ✅ Questão 2 salva com sucesso.
        ✅ Questão 3 salva com sucesso.
        ✅ Questão 4 salva com sucesso.
    ✅ Aula '🎨 Aula 38: Protótipos, parâmetros, retorno de valores e Escopo de variáveis (Local vs Global).' importada/atualizada.
      -> 💬 Post de fórum criado.
      -> 📝 Quiz '📝 Quiz de Fixação: Aula 38 - PROGRAMACAO ESTRUTURADA' criado.
      -> Processando conteúdo do quiz...
        ✅ Questão 1 identificada (aguardando gabarito/salvamento)...
        ✅ Questão 2 identificada (aguardando gabarito/salvamento)...
        ✅ Questão 3 identificada (aguardando gabarito/salvamento)...
      -> 🔑 Seção de Gabarito encontrada.
        ✅ Questão 4 identificada (aguardando gabarito/salvamento)...
      -> Salvando 4 questões no banco...
        ✅ Questão 1 salva com sucesso.
        ✅ Questão 2 salva com sucesso.
        ✅ Questão 3 salva com sucesso.
        ✅ Questão 4 salva com sucesso.
    ✅ Aula '🎨 Aula 39: Finalização e Apresentação do Projeto Final do Trimestre com feedback e fechamento de notas.' importada/atualizada.
      -> 💬 Post de fórum criado.
      -> 📝 Quiz '📝 Quiz de Fixação: Aula 39 - PROGRAMACAO ESTRUTURADA' criado.
      -> Processando conteúdo do quiz...
        ✅ Questão 1 identificada (aguardando gabarito/salvamento)...
        ✅ Questão 2 identificada (aguardando gabarito/salvamento)...
        ✅ Questão 3 identificada (aguardando gabarito/salvamento)...
      -> 🔑 Seção de Gabarito encontrada.
        ✅ Questão 4 identificada (aguardando gabarito/salvamento)...
      -> Salvando 4 questões no banco...
        ✅ Questão 1 salva com sucesso.
        ✅ Questão 2 salva com sucesso.
        ✅ Questão 3 salva com sucesso.
        ✅ Questão 4 salva com sucesso.
    ✅ Aula '🎨 Aula 40: Finalização e Apresentação do Projeto Final do Trimestre com feedback e fechamento de notas.' importada/atualizada.
      -> 💬 Post de fórum criado.
      -> 📝 Quiz '📝 Quiz de Fixação: Aula 40 - PROGRAMACAO ESTRUTURADA' criado.
      -> Processando conteúdo do quiz...
        ✅ Questão 1 identificada (aguardando gabarito/salvamento)...
        ✅ Questão 2 identificada (aguardando gabarito/salvamento)...
        ✅ Questão 3 identificada (aguardando gabarito/salvamento)...
      -> 🔑 Seção de Gabarito encontrada.
        ✅ Questão 4 identificada (aguardando gabarito/salvamento)...
      -> Salvando 4 questões no banco...
        ✅ Questão 1 salva com sucesso.
        ✅ Questão 2 salva com sucesso.
        ✅ Questão 3 salva com sucesso.
        ✅ Questão 4 salva com sucesso.

Processo concluído. Total de aulas importadas: 71
