2026-03-17 13:26:08.372 WARNING streamlit.runtime.scriptrunner_utils.script_run_context: Thread 'MainThread': missing ScriptRunContext! This warning can be ignored when running in bare mode.
Iniciando importação de aulas em lote a partir de: B:\Dev\SysAva\data\Turmas
  ⚠️  Ignorando pasta 'EMTPDES-SIS-2ª SERIE - INTEGRAL-I-B\MENTORIAS TEC II': Estrutura muito rasa (esperado: Turma/Disciplina/Semana).

 Encontrado: Turma 'EMTPDES-SIS-2ª SERIE - INTEGRAL-I-B' -> Disciplina 'MENTORIAS TEC II' -> Semana 'S01'
Traceback (most recent call last):
  File "B:\Dev\SysAva\.sysenv\Lib\site-packages\httpx\_transports\default.py", line 101, in map_httpcore_exceptions
    yield
  File "B:\Dev\SysAva\.sysenv\Lib\site-packages\httpx\_transports\default.py", line 250, in handle_request
    resp = self._pool.handle_request(req)
           ^^^^^^^^^^^^^^^^^^^^^^^^^^^^^^
  File "B:\Dev\SysAva\.sysenv\Lib\site-packages\httpcore\_sync\connection_pool.py", line 256, in handle_request
    raise exc from None
  File "B:\Dev\SysAva\.sysenv\Lib\site-packages\httpcore\_sync\connection_pool.py", line 236, in handle_request
    response = connection.handle_request(
               ^^^^^^^^^^^^^^^^^^^^^^^^^^
  File "B:\Dev\SysAva\.sysenv\Lib\site-packages\httpcore\_sync\connection.py", line 101, in handle_request
    raise exc
  File "B:\Dev\SysAva\.sysenv\Lib\site-packages\httpcore\_sync\connection.py", line 78, in handle_request
    stream = self._connect(request)
             ^^^^^^^^^^^^^^^^^^^^^^
  File "B:\Dev\SysAva\.sysenv\Lib\site-packages\httpcore\_sync\connection.py", line 124, in _connect
    stream = self._network_backend.connect_tcp(**kwargs)
             ^^^^^^^^^^^^^^^^^^^^^^^^^^^^^^^^^^^^^^^^^^^
  File "B:\Dev\SysAva\.sysenv\Lib\site-packages\httpcore\_backends\sync.py", line 207, in connect_tcp
    with map_exceptions(exc_map):
  File "C:\Local\Apps\Python\Python312\Lib\contextlib.py", line 155, in __exit__
    self.gen.throw(value)
  File "B:\Dev\SysAva\.sysenv\Lib\site-packages\httpcore\_exceptions.py", line 14, in map_exceptions
    raise to_exc(exc) from exc
httpcore.ConnectError: [WinError 10013] Foi feita uma tentativa de acesso a um soquete de uma maneira que é proibida pelas permissões de acesso

The above exception was the direct cause of the following exception:

Traceback (most recent call last):
  File "B:\Dev\SysAva\scripts\seed_lessons.py", line 334, in <module>
    run_lesson_seeder()
  File "B:\Dev\SysAva\scripts\seed_lessons.py", line 229, in run_lesson_seeder
    subject_data = db.get_subject_by_name(subject_name)
                   ^^^^^^^^^^^^^^^^^^^^^^^^^^^^^^^^^^^^
  File "B:\Dev\SysAva\services\database.py", line 394, in get_subject_by_name
    res = supabase.table("subjects").select("id").eq("name", name).execute()
          ^^^^^^^^^^^^^^^^^^^^^^^^^^^^^^^^^^^^^^^^^^^^^^^^^^^^^^^^^^^^^^^^^^
  File "B:\Dev\SysAva\.sysenv\Lib\site-packages\postgrest\_sync\request_builder.py", line 47, in execute
    r = self.request.send()
        ^^^^^^^^^^^^^^^^^^^
  File "B:\Dev\SysAva\.sysenv\Lib\site-packages\postgrest\base_request_builder.py", line 82, in send
    return self.session.request(
           ^^^^^^^^^^^^^^^^^^^^^
  File "B:\Dev\SysAva\.sysenv\Lib\site-packages\httpx\_client.py", line 825, in request
    return self.send(request, auth=auth, follow_redirects=follow_redirects)
           ^^^^^^^^^^^^^^^^^^^^^^^^^^^^^^^^^^^^^^^^^^^^^^^^^^^^^^^^^^^^^^^^
  File "B:\Dev\SysAva\.sysenv\Lib\site-packages\httpx\_client.py", line 914, in send
    response = self._send_handling_auth(
               ^^^^^^^^^^^^^^^^^^^^^^^^^
  File "B:\Dev\SysAva\.sysenv\Lib\site-packages\httpx\_client.py", line 942, in _send_handling_auth
    response = self._send_handling_redirects(
               ^^^^^^^^^^^^^^^^^^^^^^^^^^^^^^
  File "B:\Dev\SysAva\.sysenv\Lib\site-packages\httpx\_client.py", line 979, in _send_handling_redirects
    response = self._send_single_request(request)
               ^^^^^^^^^^^^^^^^^^^^^^^^^^^^^^^^^^
  File "B:\Dev\SysAva\.sysenv\Lib\site-packages\httpx\_client.py", line 1014, in _send_single_request
    response = transport.handle_request(request)
               ^^^^^^^^^^^^^^^^^^^^^^^^^^^^^^^^^
  File "B:\Dev\SysAva\.sysenv\Lib\site-packages\httpx\_transports\default.py", line 249, in handle_request
    with map_httpcore_exceptions():
  File "C:\Local\Apps\Python\Python312\Lib\contextlib.py", line 155, in __exit__
    self.gen.throw(value)
  File "B:\Dev\SysAva\.sysenv\Lib\site-packages\httpx\_transports\default.py", line 118, in map_httpcore_exceptions
    raise mapped_exc(message) from exc
httpx.ConnectError: [WinError 10013] Foi feita uma tentativa de acesso a um soquete de uma maneira que é proibida pelas permissões de acesso
